C:\Users\JERRY_REMD\Desktop\simon_lori Enterprises Inc\simon_04262023.dwg,Layout1,02/05/2023 8:38:44 AM,JERRY_REMD,DWG To PDF.pc3,ISO A3 (297.00 x 420.00 MM),1:1,
C:\Users\JERRY_REMD\Desktop\PETRON PANDACAN\Petron_PORT_CTRL_Only.dwg,Layout1,03/05/2023 10:18:15 AM,JERRY_REMD,DWG To PDF.pc3,ISO A3 (297.00 x 420.00 MM),1:1,
C:\Users\JERRY_REMD\Desktop\PETRON PANDACAN\Petron_PORT_CTRL_Only.dwg,Layout1,03/05/2023 10:45:21 AM,JERRY_REMD,DWG To PDF.pc3,ISO A3 (297.00 x 420.00 MM),1:1,
C:\Users\JERRY_REMD\Desktop\RFM SL\RFM _CTRL only.dwg,Layout1,04/05/2023 8:54:47 AM,JERRY_REMD,DWG To PDF.pc3,ISO A3 (297.00 x 420.00 MM),1:1,
C:\Users\JERRY_REMD\Desktop\RFM SL\RFM _CTRL only.dwg,Layout1,04/05/2023 9:00:25 AM,JERRY_REMD,DWG To PDF.pc3,ISO A3 (297.00 x 420.00 MM),1:1,
C:\Users\JERRY_REMD\Desktop\RFM SL\RFM _CTRL only.dwg,Layout1,04/05/2023 9:02:58 AM,JERRY_REMD,DWG To PDF.pc3,ISO A3 (297.00 x 420.00 MM),1:1,
C:\Users\JERRY_REMD\Desktop\RFM SL\RFM _CTRL only.dwg,Layout1,04/05/2023 9:03:30 AM,JERRY_REMD,DWG To PDF.pc3,ISO A3 (297.00 x 420.00 MM),1:1,
C:\Users\JERRY_REMD\Desktop\ALCHEMCO\ALCHEMCO_04252023.dwg,Layout1,04/05/2023 10:35:57 AM,JERRY_REMD,DWG To PDF.pc3,ISO A3 (297.00 x 420.00 MM),1:1,
C:\Users\JERRY_REMD\Desktop\ALCHEMCO\ALCHEMCO_ALL_rev01.dwg,Layout1,04/05/2023 4:16:01 PM,JERRY_REMD,DWG To PDF.pc3,ISO A3 (297.00 x 420.00 MM),1:1,
C:\Users\JERRY_REMD\Desktop\simon_lori Enterprises Inc\SIMON_LORI_HYDRO.dwg,Simon_Hydro (2),10/05/2023 2:11:52 PM,JERRY_REMD,DWG To PDF.pc3,ISO A3 (297.00 x 420.00 MM),1:1,
C:\Users\JERRY_REMD\Desktop\simon_lori Enterprises Inc\simon_04262023.dwg,Simon_Hydro,10/05/2023 2:55:33 PM,JERRY_REMD,DWG To PDF.pc3,ISO A3 (297.00 x 420.00 MM),1:1,
C:\Users\JERRY_REMD\Desktop\simon_lori Enterprises Inc\simon_04262023.dwg,Simon_Hydro,10/05/2023 3:20:36 PM,JERRY_REMD,\\lee\EPSON L1300 Series,A3 297 x 420 mm,1:1,
C:\Users\JERRY_REMD\Desktop\simon_lori Enterprises Inc\SIMON_LORI_HYDRO.dwg,Simon_Hydro,11/05/2023 1:17:14 PM,JERRY_REMD,DWG To PDF.pc3,ISO A3 (297.00 x 420.00 MM),1:1,
C:\Users\JERRY_REMD\Desktop\simon_lori Enterprises Inc\SIMON_LORI_HYDRO.dwg,Layout1,11/05/2023 1:18:15 PM,JERRY_REMD,DWG To PDF.pc3,ISO A3 (297.00 x 420.00 MM),1:1,
C:\Users\JERRY_REMD\Desktop\simon_lori Enterprises Inc\simon_port_CTRL.dwg,Layout1,11/05/2023 1:20:14 PM,JERRY_REMD,DWG To PDF.pc3,ISO A3 (297.00 x 420.00 MM),1:1,
G:\Consolidate_PPA_South.dwg,Model,18/05/2023 9:29:31 AM,JERRY_REMD,DWG To PDF.pc3,ANSI A (8.50 x 11.00 Inches),1:982.911,
F:\Survey\Parcellary Plan 2.dwg,Layout1,27/06/2023 2:36:50 PM,JERRY_REMD,DWG To PDF.pc3,ISO A3 (297.00 x 420.00 MM),1:1,
C:\Users\JERRY_REMD\Desktop\Wellington\WELLINGTON_port control_Hydro.dwg,ZSPI,05/07/2023 1:19:35 PM,JERRY_REMD,DWG To PDF.pc3,ISO A3 (297.00 x 420.00 MM),1:1,
C:\Users\JERRY_REMD\Desktop\GRAIN HANDLERS\grains_ZSPI_Hydro_blanks.dwg,hydro (2),06/07/2023 3:11:14 PM,JERRY_REMD,DWG To PDF.pc3,ISO A3 (297.00 x 420.00 MM),1:1,
F:\Survey\South Harbor.dwg,Layout1,14/07/2023 3:02:34 PM,JERRY_REMD,DWG To PDF.pc3,ISO A4 (210.00 x 297.00 MM),1:1,
C:\Users\JERRY_REMD\Desktop\South Harbor Street Signs.dwg,Layout1,17/07/2023 8:33:52 AM,JERRY_REMD,DWG To PDF.pc3,ISO full bleed A3 (420.00 x 297.00 MM),1:1,
C:\Users\JERRY_REMD\Desktop\South Harbor Street Signs PIER UP.dwg,Model,18/07/2023 10:09:39 AM,JERRY_REMD,DWG To PDF.pc3,ISO full bleed A3 (297.00 x 420.00 MM),1:8,
C:\Users\JERRY_REMD\Desktop\South Harbor Street Signs PIER UP.dwg,Model,18/07/2023 10:11:26 AM,JERRY_REMD,DWG To PDF.pc3,ISO full bleed A3 (297.00 x 420.00 MM),1:8,
C:\Users\JERRY_REMD\Desktop\South Harbor Street Signs PIER UP.dwg,Model,18/07/2023 10:11:58 AM,JERRY_REMD,DWG To PDF.pc3,ISO full bleed A3 (297.00 x 420.00 MM),1:8,
C:\Users\JERRY_REMD\Desktop\South Harbor Street Signs PIER UP.dwg,Model,18/07/2023 10:12:38 AM,JERRY_REMD,DWG To PDF.pc3,ISO full bleed A3 (297.00 x 420.00 MM),1:8,
C:\Users\JERRY_REMD\Desktop\South Harbor Street Signs PIER UP.dwg,Model,18/07/2023 10:13:07 AM,JERRY_REMD,DWG To PDF.pc3,ISO full bleed A3 (297.00 x 420.00 MM),1:8,
C:\Users\JERRY_REMD\Desktop\South Harbor Street Signs PIER UP.dwg,Model,18/07/2023 10:13:55 AM,JERRY_REMD,DWG To PDF.pc3,ISO full bleed A3 (297.00 x 420.00 MM),1:8,
C:\Users\JERRY_REMD\Desktop\South Harbor Street Signs PIER UP.dwg,Layout2,18/07/2023 10:15:01 AM,JERRY_REMD,DWG To PDF.pc3,ISO A3 (297.00 x 420.00 MM),1:1,
C:\Users\JERRY_REMD\Desktop\South Harbor Street Signs PIER UP.dwg,Model,18/07/2023 10:17:46 AM,JERRY_REMD,DWG To PDF.pc3,ISO full bleed A3 (297.00 x 420.00 MM),1:8,
C:\Users\JERRY_REMD\Desktop\South Harbor Street Signs PIER UP.dwg,Model,18/07/2023 10:18:54 AM,JERRY_REMD,DWG To PDF.pc3,ISO full bleed A3 (297.00 x 420.00 MM),1:8,
C:\Users\JERRY_REMD\Desktop\South Harbor Street Signs PIER UP.dwg,Model,18/07/2023 10:20:33 AM,JERRY_REMD,DWG To PDF.pc3,ISO full bleed A3 (297.00 x 420.00 MM),1:8,
C:\Users\JERRY_REMD\Desktop\South Harbor Street Signs PIER UP.dwg,Model,18/07/2023 10:24:28 AM,JERRY_REMD,DWG To PDF.pc3,ISO full bleed A3 (297.00 x 420.00 MM),1:8,
C:\Users\JERRY_REMD\Desktop\South Harbor Street Signs PIER UP.dwg,Layout2,18/07/2023 10:26:01 AM,JERRY_REMD,DWG To PDF.pc3,ISO A3 (297.00 x 420.00 MM),1:1,
C:\Users\JERRY_REMD\Desktop\South Harbor Street Signs PIER UP.dwg,Model,18/07/2023 10:30:28 AM,JERRY_REMD,\\lee\EPSON L1300 Series,A3 297 x 420 mm,1:13.7763,
C:\Users\JERRY_REMD\Desktop\South Harbor Street Signs PIER UP.dwg,Model,18/07/2023 3:49:39 PM,JERRY_REMD,\\lee\EPSON L1300 Series,A3 297 x 420 mm,1:14.4625,
C:\Users\JERRY_REMD\Desktop\South Harbor Street Signs PIER UP.dwg,Model,18/07/2023 4:46:24 PM,JERRY_REMD,DWG To PDF.pc3,ISO full bleed A3 (297.00 x 420.00 MM),1:14.0627,
C:\Users\JERRY_REMD\Desktop\South Harbor Street Signs PIER UP.dwg,Model,18/07/2023 4:52:29 PM,JERRY_REMD,DWG To PDF.pc3,ISO full bleed A3 (297.00 x 420.00 MM),1:14.1058,
F:\Survey\Lot 29.dwg,Model,19/07/2023 1:50:20 PM,JERRY_REMD,\\lee\EPSON L1300 Series,A4 210 x 297 mm,1:0.412312,
F:\Survey\Lot 29.dwg,Model,19/07/2023 1:51:48 PM,JERRY_REMD,DWG To PDF.pc3,ISO full bleed A3 (297.00 x 420.00 MM),1:0.3,
C:\Users\JERRY_REMD\Desktop\GRAIN HANDLERS\grains_ZSPI_ctrl only.dwg,ZSPI BLANKS,20/07/2023 10:31:26 AM,JERRY_REMD,\\lee\EPSON L1300 Series,A3 297 x 420 mm,1:1,
C:\Users\JERRY_REMD\Desktop\GRAIN HANDLERS\grains_ZSPI_ctrl only.dwg,ZSPI BLANKS,20/07/2023 10:35:08 AM,JERRY_REMD,DWG To PDF.pc3,ISO A3 (297.00 x 420.00 MM),1:1,
C:\Users\JERRY_REMD\Desktop\Street Signs PIER UP.dwg,Model,26/07/2023 10:13:26 AM,JERRY_REMD,DWG To PDF.pc3,ISO full bleed A3 (297.00 x 420.00 MM),1:13.6018,
C:\Users\JERRY_REMD\Desktop\PCIC BLOCK 154.dwg,Model,06/09/2023 9:11:45 AM,JERRY_REMD,DWG To PDF.pc3,ISO full bleed A3 (297.00 x 420.00 MM),1:0.8,
C:\Users\JERRY_REMD\Desktop\PCIC BLOCK 154.dwg,Model,06/09/2023 9:13:13 AM,JERRY_REMD,DWG To PDF.pc3,ISO full bleed A3 (297.00 x 420.00 MM),1:0.8,
C:\Users\JERRY_REMD\Desktop\PCIC BLOCK 154.dwg,Model,06/09/2023 9:15:11 AM,JERRY_REMD,DWG To PDF.pc3,ISO full bleed A3 (297.00 x 420.00 MM),1:1.32259,
C:\Users\JERRY_REMD\Desktop\PCIC BLOCK 154.dwg,Model,06/09/2023 9:29:19 AM,JERRY_REMD,DWG To PDF.pc3,ISO full bleed A3 (297.00 x 420.00 MM),1:2.32406,
C:\Users\JERRY_REMD\Desktop\PCIC BLOCK 154.dwg,Model,06/09/2023 9:30:34 AM,JERRY_REMD,DWG To PDF.pc3,ISO full bleed A3 (297.00 x 420.00 MM),1:2.36545,
C:\Users\JERRY_REMD\Desktop\PCIC BLOCK 154.dwg,Layout1,06/09/2023 9:34:36 AM,JERRY_REMD,DWG To PDF.pc3,ISO full bleed A3 (420.00 x 297.00 MM),1:1,
C:\Users\JERRY_REMD\Desktop\PCIC BLOCK 154.dwg,Model,06/09/2023 9:36:12 AM,JERRY_REMD,DWG To PDF.pc3,ISO full bleed A3 (297.00 x 420.00 MM),1:2.49506,
C:\Users\JERRY_REMD\Desktop\PCIC BLOCK 154.dwg,Model,06/09/2023 9:42:47 AM,JERRY_REMD,DWG To PDF.pc3,ISO full bleed A3 (297.00 x 420.00 MM),1:2.21314,
